Arguments: 
  C:\Program Files\nodejs\node.exe C:\Users\xujian\AppData\Roaming\npm\node_modules\yarn\bin\yarn.js add electron-packager

PATH: 
  C:\Windows\system32;C:\Windows;C:\Windows\System32\Wbem;C:\Windows\System32\WindowsPowerShell\v1.0\;C:\Windows\System32\OpenSSH\;C:\Program Files\nodejs\;C:\Program Files\Microsoft VS Code\bin;C:\Program Files (x86)\Common Files\Propellerhead Software\ReWire\;C:\Program Files\Common Files\Propellerhead Software\ReWire\;C:\Program Files\Git\cmd;C:\Users\xujian\AppData\Local\Microsoft\WindowsApps;C:\Users\xujian\AppData\Roaming\npm;;C:\Users\xujian\AppData\Local\Programs\Fiddler

Yarn version: 
  1.22.4

Node version: 
  12.16.2

Platform: 
  win32 x64

Trace: 
  Error: EBUSY: resource busy or locked, unlink 'C:\Users\xujian\Desktop\project\electron-quick-start\node_modules\electron\dist\v8_context_snapshot.bin'

npm manifest: 
  {
    "name": "electron-quick-start",
    "version": "1.0.0",
    "description": "A minimal Electron application",
    "main": "main.js",
    "scripts": {
      "start": "electron ."
    },
    "repository": "https://github.com/electron/electron-quick-start",
    "keywords": [
      "Electron",
      "quick",
      "start",
      "tutorial",
      "demo"
    ],
    "author": "GitHub",
    "license": "CC0-1.0",
    "devDependencies": {
      "electron": "^10.1.3"
    }
  }

yarn manifest: 
  No manifest

Lockfile: 
  No lockfile
